{"C:\\Users\\geova\\projeto-livraria\\src\\app.js": {"path":"C:\\Users\\geova\\projeto-livraria\\src\\app.js","statementMap":{"0":{"start":{"line":1,"column":16},"end":{"line":1,"column":34}},"1":{"start":{"line":2,"column":13},"end":{"line":2,"column":28}},"2":{"start":{"line":3,"column":20},"end":{"line":3,"column":51}},"3":{"start":{"line":5,"column":12},"end":{"line":5,"column":21}},"4":{"start":{"line":7,"column":0},"end":{"line":7,"column":24}},"5":{"start":{"line":8,"column":0},"end":{"line":8,"column":59}},"6":{"start":{"line":9,"column":0},"end":{"line":9,"column":32}},"7":{"start":{"line":11,"column":0},"end":{"line":11,"column":21}}},"fnMap":{},"branchMap":{},"s":{"0":1,"1":1,"2":1,"3":1,"4":1,"5":1,"6":1,"7":1},"f":{},"b":{},"_coverageSchema":"1a1c01bbd47fc00a2c39e90264f33305004495a9","hash":"77d9abf746ea5d041feac00693209eb63604efe5"}
,"C:\\Users\\geova\\projeto-livraria\\src\\controllers\\livroController.js": {"path":"C:\\Users\\geova\\projeto-livraria\\src\\controllers\\livroController.js","statementMap":{"0":{"start":{"line":1,"column":25},"end":{"line":1,"column":50}},"1":{"start":{"line":2,"column":15},"end":{"line":2,"column":33}},"2":{"start":{"line":4,"column":0},"end":{"line":31,"column":2}},"3":{"start":{"line":5,"column":2},"end":{"line":30,"column":3}},"4":{"start":{"line":6,"column":22},"end":{"line":11,"column":6}},"5":{"start":{"line":14,"column":19},"end":{"line":24,"column":7}},"6":{"start":{"line":14,"column":43},"end":{"line":24,"column":5}},"7":{"start":{"line":23,"column":38},"end":{"line":23,"column":50}},"8":{"start":{"line":26,"column":4},"end":{"line":26,"column":25}},"9":{"start":{"line":28,"column":4},"end":{"line":28,"column":51}},"10":{"start":{"line":29,"column":4},"end":{"line":29,"column":61}},"11":{"start":{"line":33,"column":0},"end":{"line":101,"column":2}},"12":{"start":{"line":34,"column":84},"end":{"line":34,"column":92}},"13":{"start":{"line":36,"column":2},"end":{"line":38,"column":3}},"14":{"start":{"line":37,"column":4},"end":{"line":37,"column":75}},"15":{"start":{"line":40,"column":2},"end":{"line":42,"column":3}},"16":{"start":{"line":41,"column":4},"end":{"line":41,"column":83}},"17":{"start":{"line":44,"column":2},"end":{"line":100,"column":3}},"18":{"start":{"line":45,"column":20},"end":{"line":45,"column":81}},"19":{"start":{"line":46,"column":4},"end":{"line":48,"column":5}},"20":{"start":{"line":47,"column":6},"end":{"line":47,"column":75}},"21":{"start":{"line":50,"column":30},"end":{"line":50,"column":32}},"22":{"start":{"line":51,"column":4},"end":{"line":57,"column":5}},"23":{"start":{"line":52,"column":20},"end":{"line":52,"column":81}},"24":{"start":{"line":53,"column":6},"end":{"line":55,"column":7}},"25":{"start":{"line":54,"column":8},"end":{"line":54,"column":75}},"26":{"start":{"line":56,"column":6},"end":{"line":56,"column":54}},"27":{"start":{"line":59,"column":24},"end":{"line":78,"column":6}},"28":{"start":{"line":69,"column":47},"end":{"line":71,"column":11}},"29":{"start":{"line":80,"column":4},"end":{"line":80,"column":66}},"30":{"start":{"line":82,"column":4},"end":{"line":95,"column":7}},"31":{"start":{"line":93,"column":46},"end":{"line":93,"column":58}},"32":{"start":{"line":98,"column":4},"end":{"line":98,"column":53}},"33":{"start":{"line":99,"column":4},"end":{"line":99,"column":87}},"34":{"start":{"line":102,"column":0},"end":{"line":127,"column":2}},"35":{"start":{"line":103,"column":17},"end":{"line":103,"column":27}},"36":{"start":{"line":105,"column":2},"end":{"line":126,"column":3}},"37":{"start":{"line":106,"column":27},"end":{"line":108,"column":6}},"38":{"start":{"line":110,"column":4},"end":{"line":112,"column":5}},"39":{"start":{"line":111,"column":6},"end":{"line":111,"column":69}},"40":{"start":{"line":114,"column":4},"end":{"line":116,"column":7}},"41":{"start":{"line":118,"column":4},"end":{"line":120,"column":7}},"42":{"start":{"line":122,"column":4},"end":{"line":122,"column":70}},"43":{"start":{"line":124,"column":4},"end":{"line":124,"column":51}},"44":{"start":{"line":125,"column":4},"end":{"line":125,"column":61}},"45":{"start":{"line":128,"column":0},"end":{"line":200,"column":2}},"46":{"start":{"line":129,"column":17},"end":{"line":129,"column":27}},"47":{"start":{"line":130,"column":84},"end":{"line":130,"column":92}},"48":{"start":{"line":132,"column":2},"end":{"line":199,"column":3}},"49":{"start":{"line":133,"column":27},"end":{"line":135,"column":6}},"50":{"start":{"line":137,"column":4},"end":{"line":139,"column":5}},"51":{"start":{"line":138,"column":6},"end":{"line":138,"column":69}},"52":{"start":{"line":141,"column":20},"end":{"line":141,"column":81}},"53":{"start":{"line":142,"column":4},"end":{"line":144,"column":5}},"54":{"start":{"line":143,"column":6},"end":{"line":143,"column":75}},"55":{"start":{"line":146,"column":30},"end":{"line":146,"column":32}},"56":{"start":{"line":147,"column":4},"end":{"line":153,"column":5}},"57":{"start":{"line":148,"column":20},"end":{"line":148,"column":81}},"58":{"start":{"line":149,"column":6},"end":{"line":151,"column":7}},"59":{"start":{"line":150,"column":8},"end":{"line":150,"column":75}},"60":{"start":{"line":152,"column":6},"end":{"line":152,"column":54}},"61":{"start":{"line":155,"column":4},"end":{"line":157,"column":7}},"62":{"start":{"line":159,"column":28},"end":{"line":179,"column":6}},"63":{"start":{"line":170,"column":47},"end":{"line":172,"column":11}},"64":{"start":{"line":181,"column":4},"end":{"line":194,"column":7}},"65":{"start":{"line":192,"column":50},"end":{"line":192,"column":62}},"66":{"start":{"line":197,"column":4},"end":{"line":197,"column":53}},"67":{"start":{"line":198,"column":4},"end":{"line":198,"column":63}}},"fnMap":{"0":{"name":"(anonymous_0)","decl":{"start":{"line":4,"column":20},"end":{"line":4,"column":21}},"loc":{"start":{"line":4,"column":40},"end":{"line":31,"column":1}},"line":4},"1":{"name":"(anonymous_1)","decl":{"start":{"line":14,"column":33},"end":{"line":14,"column":34}},"loc":{"start":{"line":14,"column":43},"end":{"line":24,"column":5}},"line":14},"2":{"name":"(anonymous_2)","decl":{"start":{"line":23,"column":33},"end":{"line":23,"column":34}},"loc":{"start":{"line":23,"column":38},"end":{"line":23,"column":50}},"line":23},"3":{"name":"(anonymous_3)","decl":{"start":{"line":33,"column":20},"end":{"line":33,"column":21}},"loc":{"start":{"line":33,"column":40},"end":{"line":101,"column":1}},"line":33},"4":{"name":"(anonymous_4)","decl":{"start":{"line":69,"column":40},"end":{"line":69,"column":41}},"loc":{"start":{"line":69,"column":47},"end":{"line":71,"column":11}},"line":69},"5":{"name":"(anonymous_5)","decl":{"start":{"line":93,"column":41},"end":{"line":93,"column":42}},"loc":{"start":{"line":93,"column":46},"end":{"line":93,"column":58}},"line":93},"6":{"name":"(anonymous_6)","decl":{"start":{"line":102,"column":22},"end":{"line":102,"column":23}},"loc":{"start":{"line":102,"column":42},"end":{"line":127,"column":1}},"line":102},"7":{"name":"(anonymous_7)","decl":{"start":{"line":128,"column":22},"end":{"line":128,"column":23}},"loc":{"start":{"line":128,"column":42},"end":{"line":200,"column":1}},"line":128},"8":{"name":"(anonymous_8)","decl":{"start":{"line":170,"column":40},"end":{"line":170,"column":41}},"loc":{"start":{"line":170,"column":47},"end":{"line":172,"column":11}},"line":170},"9":{"name":"(anonymous_9)","decl":{"start":{"line":192,"column":45},"end":{"line":192,"column":46}},"loc":{"start":{"line":192,"column":50},"end":{"line":192,"column":62}},"line":192}},"branchMap":{"0":{"loc":{"start":{"line":36,"column":2},"end":{"line":38,"column":3}},"type":"if","locations":[{"start":{"line":36,"column":2},"end":{"line":38,"column":3}},{"start":{},"end":{}}],"line":36},"1":{"loc":{"start":{"line":36,"column":6},"end":{"line":36,"column":56}},"type":"binary-expr","locations":[{"start":{"line":36,"column":6},"end":{"line":36,"column":13}},{"start":{"line":36,"column":17},"end":{"line":36,"column":25}},{"start":{"line":36,"column":29},"end":{"line":36,"column":37}},{"start":{"line":36,"column":41},"end":{"line":36,"column":47}},{"start":{"line":36,"column":51},"end":{"line":36,"column":56}}],"line":36},"2":{"loc":{"start":{"line":40,"column":2},"end":{"line":42,"column":3}},"type":"if","locations":[{"start":{"line":40,"column":2},"end":{"line":42,"column":3}},{"start":{},"end":{}}],"line":40},"3":{"loc":{"start":{"line":46,"column":4},"end":{"line":48,"column":5}},"type":"if","locations":[{"start":{"line":46,"column":4},"end":{"line":48,"column":5}},{"start":{},"end":{}}],"line":46},"4":{"loc":{"start":{"line":53,"column":6},"end":{"line":55,"column":7}},"type":"if","locations":[{"start":{"line":53,"column":6},"end":{"line":55,"column":7}},{"start":{},"end":{}}],"line":53},"5":{"loc":{"start":{"line":64,"column":15},"end":{"line":64,"column":75}},"type":"cond-expr","locations":[{"start":{"line":64,"column":51},"end":{"line":64,"column":68}},{"start":{"line":64,"column":71},"end":{"line":64,"column":75}}],"line":64},"6":{"loc":{"start":{"line":65,"column":17},"end":{"line":65,"column":77}},"type":"cond-expr","locations":[{"start":{"line":65,"column":53},"end":{"line":65,"column":70}},{"start":{"line":65,"column":73},"end":{"line":65,"column":77}}],"line":65},"7":{"loc":{"start":{"line":66,"column":24},"end":{"line":66,"column":95}},"type":"cond-expr","locations":[{"start":{"line":66,"column":62},"end":{"line":66,"column":88}},{"start":{"line":66,"column":91},"end":{"line":66,"column":95}}],"line":66},"8":{"loc":{"start":{"line":110,"column":4},"end":{"line":112,"column":5}},"type":"if","locations":[{"start":{"line":110,"column":4},"end":{"line":112,"column":5}},{"start":{},"end":{}}],"line":110},"9":{"loc":{"start":{"line":137,"column":4},"end":{"line":139,"column":5}},"type":"if","locations":[{"start":{"line":137,"column":4},"end":{"line":139,"column":5}},{"start":{},"end":{}}],"line":137},"10":{"loc":{"start":{"line":142,"column":4},"end":{"line":144,"column":5}},"type":"if","locations":[{"start":{"line":142,"column":4},"end":{"line":144,"column":5}},{"start":{},"end":{}}],"line":142},"11":{"loc":{"start":{"line":149,"column":6},"end":{"line":151,"column":7}},"type":"if","locations":[{"start":{"line":149,"column":6},"end":{"line":151,"column":7}},{"start":{},"end":{}}],"line":149},"12":{"loc":{"start":{"line":165,"column":15},"end":{"line":165,"column":75}},"type":"cond-expr","locations":[{"start":{"line":165,"column":51},"end":{"line":165,"column":68}},{"start":{"line":165,"column":71},"end":{"line":165,"column":75}}],"line":165},"13":{"loc":{"start":{"line":166,"column":17},"end":{"line":166,"column":77}},"type":"cond-expr","locations":[{"start":{"line":166,"column":53},"end":{"line":166,"column":70}},{"start":{"line":166,"column":73},"end":{"line":166,"column":77}}],"line":166},"14":{"loc":{"start":{"line":167,"column":24},"end":{"line":167,"column":95}},"type":"cond-expr","locations":[{"start":{"line":167,"column":62},"end":{"line":167,"column":88}},{"start":{"line":167,"column":91},"end":{"line":167,"column":95}}],"line":167}},"s":{"0":1,"1":1,"2":1,"3":1,"4":1,"5":1,"6":3,"7":3,"8":1,"9":0,"10":0,"11":1,"12":5,"13":5,"14":2,"15":3,"16":1,"17":2,"18":2,"19":2,"20":1,"21":2,"22":2,"23":2,"24":2,"25":1,"26":2,"27":2,"28":2,"29":2,"30":2,"31":2,"32":0,"33":0,"34":1,"35":2,"36":2,"37":2,"38":2,"39":1,"40":1,"41":1,"42":1,"43":0,"44":0,"45":1,"46":2,"47":2,"48":2,"49":2,"50":2,"51":1,"52":1,"53":1,"54":1,"55":1,"56":1,"57":1,"58":1,"59":1,"60":1,"61":1,"62":1,"63":1,"64":1,"65":1,"66":0,"67":0},"f":{"0":1,"1":3,"2":3,"3":5,"4":2,"5":2,"6":2,"7":2,"8":1,"9":1},"b":{"0":[2,3],"1":[5,3,3,3,3],"2":[1,2],"3":[1,1],"4":[1,1],"5":[2,0],"6":[2,0],"7":[0,2],"8":[1,1],"9":[1,1],"10":[1,0],"11":[1,0],"12":[0,1],"13":[0,1],"14":[1,0]},"_coverageSchema":"1a1c01bbd47fc00a2c39e90264f33305004495a9","hash":"efd01bd3085ad314af7c1455c7cce1a751600b2f"}
,"C:\\Users\\geova\\projeto-livraria\\src\\routes\\livroRoutes.js": {"path":"C:\\Users\\geova\\projeto-livraria\\src\\routes\\livroRoutes.js","statementMap":{"0":{"start":{"line":1,"column":16},"end":{"line":1,"column":34}},"1":{"start":{"line":2,"column":15},"end":{"line":2,"column":31}},"2":{"start":{"line":3,"column":24},"end":{"line":3,"column":65}},"3":{"start":{"line":5,"column":0},"end":{"line":5,"column":43}},"4":{"start":{"line":6,"column":0},"end":{"line":6,"column":44}},"5":{"start":{"line":7,"column":0},"end":{"line":7,"column":51}},"6":{"start":{"line":8,"column":0},"end":{"line":8,"column":48}},"7":{"start":{"line":10,"column":0},"end":{"line":10,"column":24}}},"fnMap":{},"branchMap":{},"s":{"0":1,"1":1,"2":1,"3":1,"4":1,"5":1,"6":1,"7":1},"f":{},"b":{},"_coverageSchema":"1a1c01bbd47fc00a2c39e90264f33305004495a9","hash":"b7e9a6123f8d07e7c52aef6ed445a94d086bd5a8"}
}
