TN:
SF:app.js
FNF:0
FNH:0
DA:1,1
DA:2,1
DA:3,1
DA:5,1
DA:7,1
DA:8,1
DA:9,1
DA:11,1
LF:8
LH:8
BRF:0
BRH:0
end_of_record
TN:
SF:controllers\livroController.js
FN:4,(anonymous_0)
FN:14,(anonymous_1)
FN:23,(anonymous_2)
FN:33,(anonymous_3)
FN:69,(anonymous_4)
FN:93,(anonymous_5)
FN:102,(anonymous_6)
FN:128,(anonymous_7)
FN:170,(anonymous_8)
FN:192,(anonymous_9)
FNF:10
FNH:10
FNDA:1,(anonymous_0)
FNDA:3,(anonymous_1)
FNDA:3,(anonymous_2)
FNDA:5,(anonymous_3)
FNDA:2,(anonymous_4)
FNDA:2,(anonymous_5)
FNDA:2,(anonymous_6)
FNDA:2,(anonymous_7)
FNDA:1,(anonymous_8)
FNDA:1,(anonymous_9)
DA:1,1
DA:2,1
DA:4,1
DA:5,1
DA:6,1
DA:14,3
DA:23,3
DA:26,1
DA:28,0
DA:29,0
DA:33,1
DA:34,5
DA:36,5
DA:37,2
DA:40,3
DA:41,1
DA:44,2
DA:45,2
DA:46,2
DA:47,1
DA:50,2
DA:51,2
DA:52,2
DA:53,2
DA:54,1
DA:56,2
DA:59,2
DA:69,2
DA:80,2
DA:82,2
DA:93,2
DA:98,0
DA:99,0
DA:102,1
DA:103,2
DA:105,2
DA:106,2
DA:110,2
DA:111,1
DA:114,1
DA:118,1
DA:122,1
DA:124,0
DA:125,0
DA:128,1
DA:129,2
DA:130,2
DA:132,2
DA:133,2
DA:137,2
DA:138,1
DA:141,1
DA:142,1
DA:143,1
DA:146,1
DA:147,1
DA:148,1
DA:149,1
DA:150,1
DA:152,1
DA:155,1
DA:159,1
DA:170,1
DA:181,1
DA:192,1
DA:197,0
DA:198,0
LF:67
LH:59
BRDA:36,0,0,2
BRDA:36,0,1,3
BRDA:36,1,0,5
BRDA:36,1,1,3
BRDA:36,1,2,3
BRDA:36,1,3,3
BRDA:36,1,4,3
BRDA:40,2,0,1
BRDA:40,2,1,2
BRDA:46,3,0,1
BRDA:46,3,1,1
BRDA:53,4,0,1
BRDA:53,4,1,1
BRDA:64,5,0,2
BRDA:64,5,1,0
BRDA:65,6,0,2
BRDA:65,6,1,0
BRDA:66,7,0,0
BRDA:66,7,1,2
BRDA:110,8,0,1
BRDA:110,8,1,1
BRDA:137,9,0,1
BRDA:137,9,1,1
BRDA:142,10,0,1
BRDA:142,10,1,0
BRDA:149,11,0,1
BRDA:149,11,1,0
BRDA:165,12,0,0
BRDA:165,12,1,1
BRDA:166,13,0,0
BRDA:166,13,1,1
BRDA:167,14,0,1
BRDA:167,14,1,0
BRF:33
BRH:25
end_of_record
TN:
SF:routes\livroRoutes.js
FNF:0
FNH:0
DA:1,1
DA:2,1
DA:3,1
DA:5,1
DA:6,1
DA:7,1
DA:8,1
DA:10,1
LF:8
LH:8
BRF:0
BRH:0
end_of_record
